[05-08 14:33:57]: [INFO] Created column 'regdate' and set the current timestamp, 1588937637894, to all 0 rows
[05-08 14:33:58]: [INFO] SQLite Setup finished
[05-08 14:33:58]: [WARN] Aborting initialization of AuthMe: [InjectorReflectionException]: Could not invoke method 'setup' for fr.xephi.authme.permission.PermissionsManager@320d19c2
[05-08 14:33:58]: fr.xephi.authme.libs.jalu.injector.exceptions.InjectorReflectionException: Could not invoke method 'setup' for fr.xephi.authme.permission.PermissionsManager@320d19c2
	at fr.xephi.authme.libs.jalu.injector.utils.ReflectionUtils.invokeMethod(ReflectionUtils.java:76)
	at fr.xephi.authme.libs.jalu.injector.handlers.postconstruct.PostConstructMethodInvoker.process(PostConstructMethodInvoker.java:25)
	at fr.xephi.authme.libs.jalu.injector.InjectorImpl.runPostConstructHandlers(InjectorImpl.java:255)
	at fr.xephi.authme.libs.jalu.injector.InjectorImpl.instantiate(InjectorImpl.java:182)
	at fr.xephi.authme.libs.jalu.injector.InjectorImpl.get(InjectorImpl.java:155)
	at fr.xephi.authme.libs.jalu.injector.InjectorImpl.resolveDependencies(InjectorImpl.java:208)
	at fr.xephi.authme.libs.jalu.injector.InjectorImpl.instantiate(InjectorImpl.java:177)
	at fr.xephi.authme.libs.jalu.injector.InjectorImpl.get(InjectorImpl.java:155)
	at fr.xephi.authme.libs.jalu.injector.InjectorImpl.resolveDependencies(InjectorImpl.java:208)
	at fr.xephi.authme.libs.jalu.injector.InjectorImpl.instantiate(InjectorImpl.java:177)
	at fr.xephi.authme.libs.jalu.injector.InjectorImpl.get(InjectorImpl.java:155)
	at fr.xephi.authme.libs.jalu.injector.InjectorImpl.getSingleton(InjectorImpl.java:56)
	at fr.xephi.authme.AuthMe.instantiateServices(AuthMe.java:248)
	at fr.xephi.authme.AuthMe.initialize(AuthMe.java:221)
	at fr.xephi.authme.AuthMe.onEnable(AuthMe.java:136)
	at org.bukkit.plugin.java.JavaPlugin.setEnabled(JavaPlugin.java:263)
	at org.bukkit.plugin.java.JavaPluginLoader.enablePlugin(JavaPluginLoader.java:352)
	at org.bukkit.plugin.SimplePluginManager.enablePlugin(SimplePluginManager.java:417)
	at org.bukkit.craftbukkit.v1_14_R1.CraftServer.enablePlugin(CraftServer.java:461)
	at org.bukkit.craftbukkit.v1_14_R1.CraftServer.enablePlugins(CraftServer.java:375)
	at net.minecraft.server.v1_14_R1.MinecraftServer.a(MinecraftServer.java:449)
	at net.minecraft.server.v1_14_R1.DedicatedServer.init(DedicatedServer.java:266)
	at net.minecraft.server.v1_14_R1.MinecraftServer.run(MinecraftServer.java:775)
	at java.lang.Thread.run(Thread.java:748)
Caused by: java.lang.reflect.InvocationTargetException
	at sun.reflect.NativeMethodAccessorImpl.invoke0(Native Method)
	at sun.reflect.NativeMethodAccessorImpl.invoke(NativeMethodAccessorImpl.java:62)
	at sun.reflect.DelegatingMethodAccessorImpl.invoke(DelegatingMethodAccessorImpl.java:43)
	at java.lang.reflect.Method.invoke(Method.java:498)
	at fr.xephi.authme.libs.jalu.injector.utils.ReflectionUtils.invokeMethod(ReflectionUtils.java:73)
	... 23 more
Caused by: java.lang.NoClassDefFoundError: me/lucko/luckperms/LuckPerms
	at fr.xephi.authme.permission.handlers.LuckPermsHandler.<init>(LuckPermsHandler.java:37)
	at fr.xephi.authme.permission.PermissionsManager.createPermissionHandler(PermissionsManager.java:137)
	at fr.xephi.authme.permission.PermissionsManager.setup(PermissionsManager.java:96)
	... 28 more
Caused by: java.lang.ClassNotFoundException: me.lucko.luckperms.LuckPerms
	at java.net.URLClassLoader.findClass(URLClassLoader.java:382)
	at org.bukkit.plugin.java.PluginClassLoader.findClass(PluginClassLoader.java:135)
	at org.bukkit.plugin.java.PluginClassLoader.findClass(PluginClassLoader.java:81)
	at java.lang.ClassLoader.loadClass(ClassLoader.java:424)
	at java.lang.ClassLoader.loadClass(ClassLoader.java:357)
	... 31 more

[05-08 14:33:58]: [WARN] THE SERVER IS GOING TO SHUT DOWN AS DEFINED IN THE CONFIGURATION!
[05-08 14:33:58]: [INFO] AuthMe 5.4.0-b1877 disabled!
[05-08 14:51:32]: [INFO] SQLite Setup finished
[05-08 14:51:32]: [WARN] Aborting initialization of AuthMe: [InjectorReflectionException]: Could not invoke method 'setup' for fr.xephi.authme.permission.PermissionsManager@6963f2a0
[05-08 14:51:32]: fr.xephi.authme.libs.jalu.injector.exceptions.InjectorReflectionException: Could not invoke method 'setup' for fr.xephi.authme.permission.PermissionsManager@6963f2a0
	at fr.xephi.authme.libs.jalu.injector.utils.ReflectionUtils.invokeMethod(ReflectionUtils.java:76)
	at fr.xephi.authme.libs.jalu.injector.handlers.postconstruct.PostConstructMethodInvoker.process(PostConstructMethodInvoker.java:25)
	at fr.xephi.authme.libs.jalu.injector.InjectorImpl.runPostConstructHandlers(InjectorImpl.java:255)
	at fr.xephi.authme.libs.jalu.injector.InjectorImpl.instantiate(InjectorImpl.java:182)
	at fr.xephi.authme.libs.jalu.injector.InjectorImpl.get(InjectorImpl.java:155)
	at fr.xephi.authme.libs.jalu.injector.InjectorImpl.resolveDependencies(InjectorImpl.java:208)
	at fr.xephi.authme.libs.jalu.injector.InjectorImpl.instantiate(InjectorImpl.java:177)
	at fr.xephi.authme.libs.jalu.injector.InjectorImpl.get(InjectorImpl.java:155)
	at fr.xephi.authme.libs.jalu.injector.InjectorImpl.resolveDependencies(InjectorImpl.java:208)
	at fr.xephi.authme.libs.jalu.injector.InjectorImpl.instantiate(InjectorImpl.java:177)
	at fr.xephi.authme.libs.jalu.injector.InjectorImpl.get(InjectorImpl.java:155)
	at fr.xephi.authme.libs.jalu.injector.InjectorImpl.getSingleton(InjectorImpl.java:56)
	at fr.xephi.authme.AuthMe.instantiateServices(AuthMe.java:248)
	at fr.xephi.authme.AuthMe.initialize(AuthMe.java:221)
	at fr.xephi.authme.AuthMe.onEnable(AuthMe.java:136)
	at org.bukkit.plugin.java.JavaPlugin.setEnabled(JavaPlugin.java:263)
	at org.bukkit.plugin.java.JavaPluginLoader.enablePlugin(JavaPluginLoader.java:352)
	at org.bukkit.plugin.SimplePluginManager.enablePlugin(SimplePluginManager.java:417)
	at org.bukkit.craftbukkit.v1_14_R1.CraftServer.enablePlugin(CraftServer.java:461)
	at org.bukkit.craftbukkit.v1_14_R1.CraftServer.enablePlugins(CraftServer.java:375)
	at net.minecraft.server.v1_14_R1.MinecraftServer.a(MinecraftServer.java:449)
	at net.minecraft.server.v1_14_R1.DedicatedServer.init(DedicatedServer.java:266)
	at net.minecraft.server.v1_14_R1.MinecraftServer.run(MinecraftServer.java:775)
	at java.lang.Thread.run(Thread.java:748)
Caused by: java.lang.reflect.InvocationTargetException
	at sun.reflect.NativeMethodAccessorImpl.invoke0(Native Method)
	at sun.reflect.NativeMethodAccessorImpl.invoke(NativeMethodAccessorImpl.java:62)
	at sun.reflect.DelegatingMethodAccessorImpl.invoke(DelegatingMethodAccessorImpl.java:43)
	at java.lang.reflect.Method.invoke(Method.java:498)
	at fr.xephi.authme.libs.jalu.injector.utils.ReflectionUtils.invokeMethod(ReflectionUtils.java:73)
	... 23 more
Caused by: java.lang.NoClassDefFoundError: me/lucko/luckperms/LuckPerms
	at fr.xephi.authme.permission.handlers.LuckPermsHandler.<init>(LuckPermsHandler.java:37)
	at fr.xephi.authme.permission.PermissionsManager.createPermissionHandler(PermissionsManager.java:137)
	at fr.xephi.authme.permission.PermissionsManager.setup(PermissionsManager.java:96)
	... 28 more
Caused by: java.lang.ClassNotFoundException: me.lucko.luckperms.LuckPerms
	at java.net.URLClassLoader.findClass(URLClassLoader.java:382)
	at org.bukkit.plugin.java.PluginClassLoader.findClass(PluginClassLoader.java:135)
	at org.bukkit.plugin.java.PluginClassLoader.findClass(PluginClassLoader.java:81)
	at java.lang.ClassLoader.loadClass(ClassLoader.java:424)
	at java.lang.ClassLoader.loadClass(ClassLoader.java:357)
	... 31 more

[05-08 14:51:32]: [WARN] THE SERVER IS GOING TO SHUT DOWN AS DEFINED IN THE CONFIGURATION!
[05-08 14:51:32]: [INFO] AuthMe 5.4.0-b1877 disabled!
[05-08 14:53:22]: [INFO] SQLite Setup finished
[05-08 14:53:22]: [WARN] Aborting initialization of AuthMe: [InjectorReflectionException]: Could not invoke method 'setup' for fr.xephi.authme.permission.PermissionsManager@4b4186a9
[05-08 14:53:22]: fr.xephi.authme.libs.jalu.injector.exceptions.InjectorReflectionException: Could not invoke method 'setup' for fr.xephi.authme.permission.PermissionsManager@4b4186a9
	at fr.xephi.authme.libs.jalu.injector.utils.ReflectionUtils.invokeMethod(ReflectionUtils.java:76)
	at fr.xephi.authme.libs.jalu.injector.handlers.postconstruct.PostConstructMethodInvoker.process(PostConstructMethodInvoker.java:25)
	at fr.xephi.authme.libs.jalu.injector.InjectorImpl.runPostConstructHandlers(InjectorImpl.java:255)
	at fr.xephi.authme.libs.jalu.injector.InjectorImpl.instantiate(InjectorImpl.java:182)
	at fr.xephi.authme.libs.jalu.injector.InjectorImpl.get(InjectorImpl.java:155)
	at fr.xephi.authme.libs.jalu.injector.InjectorImpl.resolveDependencies(InjectorImpl.java:208)
	at fr.xephi.authme.libs.jalu.injector.InjectorImpl.instantiate(InjectorImpl.java:177)
	at fr.xephi.authme.libs.jalu.injector.InjectorImpl.get(InjectorImpl.java:155)
	at fr.xephi.authme.libs.jalu.injector.InjectorImpl.resolveDependencies(InjectorImpl.java:208)
	at fr.xephi.authme.libs.jalu.injector.InjectorImpl.instantiate(InjectorImpl.java:177)
	at fr.xephi.authme.libs.jalu.injector.InjectorImpl.get(InjectorImpl.java:155)
	at fr.xephi.authme.libs.jalu.injector.InjectorImpl.getSingleton(InjectorImpl.java:56)
	at fr.xephi.authme.AuthMe.instantiateServices(AuthMe.java:248)
	at fr.xephi.authme.AuthMe.initialize(AuthMe.java:221)
	at fr.xephi.authme.AuthMe.onEnable(AuthMe.java:136)
	at org.bukkit.plugin.java.JavaPlugin.setEnabled(JavaPlugin.java:263)
	at org.bukkit.plugin.java.JavaPluginLoader.enablePlugin(JavaPluginLoader.java:352)
	at org.bukkit.plugin.SimplePluginManager.enablePlugin(SimplePluginManager.java:417)
	at org.bukkit.craftbukkit.v1_14_R1.CraftServer.enablePlugin(CraftServer.java:461)
	at org.bukkit.craftbukkit.v1_14_R1.CraftServer.enablePlugins(CraftServer.java:375)
	at net.minecraft.server.v1_14_R1.MinecraftServer.a(MinecraftServer.java:449)
	at net.minecraft.server.v1_14_R1.DedicatedServer.init(DedicatedServer.java:266)
	at net.minecraft.server.v1_14_R1.MinecraftServer.run(MinecraftServer.java:775)
	at java.lang.Thread.run(Thread.java:748)
Caused by: java.lang.reflect.InvocationTargetException
	at sun.reflect.NativeMethodAccessorImpl.invoke0(Native Method)
	at sun.reflect.NativeMethodAccessorImpl.invoke(NativeMethodAccessorImpl.java:62)
	at sun.reflect.DelegatingMethodAccessorImpl.invoke(DelegatingMethodAccessorImpl.java:43)
	at java.lang.reflect.Method.invoke(Method.java:498)
	at fr.xephi.authme.libs.jalu.injector.utils.ReflectionUtils.invokeMethod(ReflectionUtils.java:73)
	... 23 more
Caused by: java.lang.NoClassDefFoundError: me/lucko/luckperms/LuckPerms
	at fr.xephi.authme.permission.handlers.LuckPermsHandler.<init>(LuckPermsHandler.java:37)
	at fr.xephi.authme.permission.PermissionsManager.createPermissionHandler(PermissionsManager.java:137)
	at fr.xephi.authme.permission.PermissionsManager.setup(PermissionsManager.java:96)
	... 28 more
Caused by: java.lang.ClassNotFoundException: me.lucko.luckperms.LuckPerms
	at java.net.URLClassLoader.findClass(URLClassLoader.java:382)
	at org.bukkit.plugin.java.PluginClassLoader.findClass(PluginClassLoader.java:135)
	at org.bukkit.plugin.java.PluginClassLoader.findClass(PluginClassLoader.java:81)
	at java.lang.ClassLoader.loadClass(ClassLoader.java:424)
	at java.lang.ClassLoader.loadClass(ClassLoader.java:357)
	... 31 more

[05-08 14:53:22]: [WARN] THE SERVER IS GOING TO SHUT DOWN AS DEFINED IN THE CONFIGURATION!
[05-08 14:53:22]: [INFO] AuthMe 5.4.0-b1877 disabled!
[05-08 14:55:09]: [INFO] SQLite Setup finished
[05-08 14:55:09]: [WARN] Aborting initialization of AuthMe: [InjectorReflectionException]: Could not invoke method 'setup' for fr.xephi.authme.permission.PermissionsManager@d76cdf
[05-08 14:55:09]: fr.xephi.authme.libs.jalu.injector.exceptions.InjectorReflectionException: Could not invoke method 'setup' for fr.xephi.authme.permission.PermissionsManager@d76cdf
	at fr.xephi.authme.libs.jalu.injector.utils.ReflectionUtils.invokeMethod(ReflectionUtils.java:76)
	at fr.xephi.authme.libs.jalu.injector.handlers.postconstruct.PostConstructMethodInvoker.process(PostConstructMethodInvoker.java:25)
	at fr.xephi.authme.libs.jalu.injector.InjectorImpl.runPostConstructHandlers(InjectorImpl.java:255)
	at fr.xephi.authme.libs.jalu.injector.InjectorImpl.instantiate(InjectorImpl.java:182)
	at fr.xephi.authme.libs.jalu.injector.InjectorImpl.get(InjectorImpl.java:155)
	at fr.xephi.authme.libs.jalu.injector.InjectorImpl.resolveDependencies(InjectorImpl.java:208)
	at fr.xephi.authme.libs.jalu.injector.InjectorImpl.instantiate(InjectorImpl.java:177)
	at fr.xephi.authme.libs.jalu.injector.InjectorImpl.get(InjectorImpl.java:155)
	at fr.xephi.authme.libs.jalu.injector.InjectorImpl.resolveDependencies(InjectorImpl.java:208)
	at fr.xephi.authme.libs.jalu.injector.InjectorImpl.instantiate(InjectorImpl.java:177)
	at fr.xephi.authme.libs.jalu.injector.InjectorImpl.get(InjectorImpl.java:155)
	at fr.xephi.authme.libs.jalu.injector.InjectorImpl.getSingleton(InjectorImpl.java:56)
	at fr.xephi.authme.AuthMe.instantiateServices(AuthMe.java:248)
	at fr.xephi.authme.AuthMe.initialize(AuthMe.java:221)
	at fr.xephi.authme.AuthMe.onEnable(AuthMe.java:136)
	at org.bukkit.plugin.java.JavaPlugin.setEnabled(JavaPlugin.java:263)
	at org.bukkit.plugin.java.JavaPluginLoader.enablePlugin(JavaPluginLoader.java:352)
	at org.bukkit.plugin.SimplePluginManager.enablePlugin(SimplePluginManager.java:417)
	at org.bukkit.craftbukkit.v1_14_R1.CraftServer.enablePlugin(CraftServer.java:461)
	at org.bukkit.craftbukkit.v1_14_R1.CraftServer.enablePlugins(CraftServer.java:375)
	at net.minecraft.server.v1_14_R1.MinecraftServer.a(MinecraftServer.java:449)
	at net.minecraft.server.v1_14_R1.DedicatedServer.init(DedicatedServer.java:266)
	at net.minecraft.server.v1_14_R1.MinecraftServer.run(MinecraftServer.java:775)
	at java.lang.Thread.run(Thread.java:748)
Caused by: java.lang.reflect.InvocationTargetException
	at sun.reflect.NativeMethodAccessorImpl.invoke0(Native Method)
	at sun.reflect.NativeMethodAccessorImpl.invoke(NativeMethodAccessorImpl.java:62)
	at sun.reflect.DelegatingMethodAccessorImpl.invoke(DelegatingMethodAccessorImpl.java:43)
	at java.lang.reflect.Method.invoke(Method.java:498)
	at fr.xephi.authme.libs.jalu.injector.utils.ReflectionUtils.invokeMethod(ReflectionUtils.java:73)
	... 23 more
Caused by: java.lang.NoClassDefFoundError: me/lucko/luckperms/LuckPerms
	at fr.xephi.authme.permission.handlers.LuckPermsHandler.<init>(LuckPermsHandler.java:37)
	at fr.xephi.authme.permission.PermissionsManager.createPermissionHandler(PermissionsManager.java:137)
	at fr.xephi.authme.permission.PermissionsManager.setup(PermissionsManager.java:96)
	... 28 more
Caused by: java.lang.ClassNotFoundException: me.lucko.luckperms.LuckPerms
	at java.net.URLClassLoader.findClass(URLClassLoader.java:382)
	at org.bukkit.plugin.java.PluginClassLoader.findClass(PluginClassLoader.java:135)
	at org.bukkit.plugin.java.PluginClassLoader.findClass(PluginClassLoader.java:81)
	at java.lang.ClassLoader.loadClass(ClassLoader.java:424)
	at java.lang.ClassLoader.loadClass(ClassLoader.java:357)
	... 31 more

[05-08 14:55:09]: [WARN] THE SERVER IS GOING TO SHUT DOWN AS DEFINED IN THE CONFIGURATION!
[05-08 14:55:09]: [INFO] AuthMe 5.4.0-b1877 disabled!
[05-08 14:56:57]: [INFO] SQLite Setup finished
[05-08 14:56:57]: [INFO] Hooked into Vault!
[05-08 14:56:57]: [WARN] Could not download GeoLiteAPI database [UnknownHostException]: geolite.maxmind.com
[05-08 14:56:57]: java.net.UnknownHostException: geolite.maxmind.com
	at java.net.AbstractPlainSocketImpl.connect(AbstractPlainSocketImpl.java:184)
	at java.net.SocksSocketImpl.connect(SocksSocketImpl.java:392)
	at java.net.Socket.connect(Socket.java:589)
	at sun.net.NetworkClient.doConnect(NetworkClient.java:175)
	at sun.net.www.http.HttpClient.openServer(HttpClient.java:463)
	at sun.net.www.http.HttpClient.openServer(HttpClient.java:558)
	at sun.net.www.http.HttpClient.<init>(HttpClient.java:242)
	at sun.net.www.http.HttpClient.New(HttpClient.java:339)
	at sun.net.www.http.HttpClient.New(HttpClient.java:357)
	at sun.net.www.protocol.http.HttpURLConnection.getNewHttpClient(HttpURLConnection.java:1226)
	at sun.net.www.protocol.http.HttpURLConnection.plainConnect0(HttpURLConnection.java:1162)
	at sun.net.www.protocol.http.HttpURLConnection.plainConnect(HttpURLConnection.java:1056)
	at sun.net.www.protocol.http.HttpURLConnection.connect(HttpURLConnection.java:990)
	at fr.xephi.authme.service.GeoIpService$1.run(GeoIpService.java:93)
	at java.lang.Thread.run(Thread.java:748)

[05-08 14:56:57]: [WARN] Aborting initialization of AuthMe: [InjectorReflectionException]: Could not invoke constructor of class 'class fr.xephi.authme.command.CommandHandler'
[05-08 14:56:57]: fr.xephi.authme.libs.jalu.injector.exceptions.InjectorReflectionException: Could not invoke constructor of class 'class fr.xephi.authme.command.CommandHandler'
	at fr.xephi.authme.libs.jalu.injector.utils.ReflectionUtils.newInstance(ReflectionUtils.java:94)
	at fr.xephi.authme.libs.jalu.injector.handlers.instantiation.StandardInjection.instantiateWith(StandardInjection.java:62)
	at fr.xephi.authme.libs.jalu.injector.InjectorImpl.instantiate(InjectorImpl.java:181)
	at fr.xephi.authme.libs.jalu.injector.InjectorImpl.get(InjectorImpl.java:155)
	at fr.xephi.authme.libs.jalu.injector.InjectorImpl.getSingleton(InjectorImpl.java:56)
	at fr.xephi.authme.AuthMe.instantiateServices(AuthMe.java:248)
	at fr.xephi.authme.AuthMe.initialize(AuthMe.java:221)
	at fr.xephi.authme.AuthMe.onEnable(AuthMe.java:136)
	at org.bukkit.plugin.java.JavaPlugin.setEnabled(JavaPlugin.java:263)
	at org.bukkit.plugin.java.JavaPluginLoader.enablePlugin(JavaPluginLoader.java:352)
	at org.bukkit.plugin.SimplePluginManager.enablePlugin(SimplePluginManager.java:417)
	at org.bukkit.craftbukkit.v1_14_R1.CraftServer.enablePlugin(CraftServer.java:461)
	at org.bukkit.craftbukkit.v1_14_R1.CraftServer.enablePlugins(CraftServer.java:375)
	at net.minecraft.server.v1_14_R1.MinecraftServer.a(MinecraftServer.java:449)
	at net.minecraft.server.v1_14_R1.DedicatedServer.init(DedicatedServer.java:266)
	at net.minecraft.server.v1_14_R1.MinecraftServer.run(MinecraftServer.java:775)
	at java.lang.Thread.run(Thread.java:748)
Caused by: java.lang.reflect.InvocationTargetException
	at sun.reflect.NativeConstructorAccessorImpl.newInstance0(Native Method)
	at sun.reflect.NativeConstructorAccessorImpl.newInstance(NativeConstructorAccessorImpl.java:62)
	at sun.reflect.DelegatingConstructorAccessorImpl.newInstance(DelegatingConstructorAccessorImpl.java:45)
	at java.lang.reflect.Constructor.newInstance(Constructor.java:423)
	at fr.xephi.authme.libs.jalu.injector.utils.ReflectionUtils.newInstance(ReflectionUtils.java:91)
	... 16 more
Caused by: fr.xephi.authme.libs.jalu.injector.exceptions.InjectorReflectionException: Could not invoke constructor of class 'class fr.xephi.authme.mail.EmailService'
	at fr.xephi.authme.libs.jalu.injector.utils.ReflectionUtils.newInstance(ReflectionUtils.java:94)
	at fr.xephi.authme.libs.jalu.injector.handlers.instantiation.StandardInjection.instantiateWith(StandardInjection.java:62)
	at fr.xephi.authme.libs.jalu.injector.InjectorImpl.instantiate(InjectorImpl.java:181)
	at fr.xephi.authme.libs.jalu.injector.InjectorImpl.get(InjectorImpl.java:155)
	at fr.xephi.authme.libs.jalu.injector.InjectorImpl.resolveDependencies(InjectorImpl.java:208)
	at fr.xephi.authme.libs.jalu.injector.InjectorImpl.instantiate(InjectorImpl.java:177)
	at fr.xephi.authme.libs.jalu.injector.InjectorImpl.get(InjectorImpl.java:155)
	at fr.xephi.authme.libs.jalu.injector.InjectorImpl.resolveDependencies(InjectorImpl.java:208)
	at fr.xephi.authme.libs.jalu.injector.InjectorImpl.instantiate(InjectorImpl.java:177)
	at fr.xephi.authme.libs.jalu.injector.InjectorImpl.get(InjectorImpl.java:155)
	at fr.xephi.authme.libs.jalu.injector.InjectorImpl.resolveDependencies(InjectorImpl.java:208)
	at fr.xephi.authme.libs.jalu.injector.InjectorImpl.instantiate(InjectorImpl.java:177)
	at fr.xephi.authme.libs.jalu.injector.InjectorImpl.get(InjectorImpl.java:155)
	at fr.xephi.authme.libs.jalu.injector.InjectorImpl.resolveDependencies(InjectorImpl.java:208)
	at fr.xephi.authme.libs.jalu.injector.InjectorImpl.instantiate(InjectorImpl.java:177)
	at fr.xephi.authme.libs.jalu.injector.InjectorImpl.newInstance(InjectorImpl.java:82)
	at fr.xephi.authme.initialization.factory.FactoryDependencyHandler$FactoryImpl.newInstance(FactoryDependencyHandler.java:41)
	at fr.xephi.authme.command.CommandHandler.initializeCommands(CommandHandler.java:109)
	at fr.xephi.authme.command.CommandHandler.<init>(CommandHandler.java:49)
	... 21 more
Caused by: java.lang.reflect.InvocationTargetException
	at sun.reflect.NativeConstructorAccessorImpl.newInstance0(Native Method)
	at sun.reflect.NativeConstructorAccessorImpl.newInstance(NativeConstructorAccessorImpl.java:62)
	at sun.reflect.DelegatingConstructorAccessorImpl.newInstance(DelegatingConstructorAccessorImpl.java:45)
	at java.lang.reflect.Constructor.newInstance(Constructor.java:423)
	at fr.xephi.authme.libs.jalu.injector.utils.ReflectionUtils.newInstance(ReflectionUtils.java:91)
	... 39 more
Caused by: java.lang.NoSuchMethodError: org.bukkit.Server.getServerName()Ljava/lang/String;
	at fr.xephi.authme.mail.EmailService.<init>(EmailService.java:33)
	... 44 more

[05-08 14:56:57]: [WARN] THE SERVER IS GOING TO SHUT DOWN AS DEFINED IN THE CONFIGURATION!
[05-08 14:56:57]: [INFO] AuthMe 5.4.0-b1877 disabled!
[05-08 14:58:45]: [INFO] SQLite Setup finished
[05-08 14:58:45]: [INFO] Hooked into Vault!
[05-08 14:58:45]: [WARN] Could not download GeoLiteAPI database [UnknownHostException]: geolite.maxmind.com
[05-08 14:58:45]: java.net.UnknownHostException: geolite.maxmind.com
	at java.net.AbstractPlainSocketImpl.connect(AbstractPlainSocketImpl.java:184)
	at java.net.SocksSocketImpl.connect(SocksSocketImpl.java:392)
	at java.net.Socket.connect(Socket.java:589)
	at sun.net.NetworkClient.doConnect(NetworkClient.java:175)
	at sun.net.www.http.HttpClient.openServer(HttpClient.java:463)
	at sun.net.www.http.HttpClient.openServer(HttpClient.java:558)
	at sun.net.www.http.HttpClient.<init>(HttpClient.java:242)
	at sun.net.www.http.HttpClient.New(HttpClient.java:339)
	at sun.net.www.http.HttpClient.New(HttpClient.java:357)
	at sun.net.www.protocol.http.HttpURLConnection.getNewHttpClient(HttpURLConnection.java:1226)
	at sun.net.www.protocol.http.HttpURLConnection.plainConnect0(HttpURLConnection.java:1162)
	at sun.net.www.protocol.http.HttpURLConnection.plainConnect(HttpURLConnection.java:1056)
	at sun.net.www.protocol.http.HttpURLConnection.connect(HttpURLConnection.java:990)
	at fr.xephi.authme.service.GeoIpService$1.run(GeoIpService.java:93)
	at java.lang.Thread.run(Thread.java:748)

[05-08 14:58:45]: [WARN] Aborting initialization of AuthMe: [InjectorReflectionException]: Could not invoke constructor of class 'class fr.xephi.authme.command.CommandHandler'
[05-08 14:58:45]: fr.xephi.authme.libs.jalu.injector.exceptions.InjectorReflectionException: Could not invoke constructor of class 'class fr.xephi.authme.command.CommandHandler'
	at fr.xephi.authme.libs.jalu.injector.utils.ReflectionUtils.newInstance(ReflectionUtils.java:94)
	at fr.xephi.authme.libs.jalu.injector.handlers.instantiation.StandardInjection.instantiateWith(StandardInjection.java:62)
	at fr.xephi.authme.libs.jalu.injector.InjectorImpl.instantiate(InjectorImpl.java:181)
	at fr.xephi.authme.libs.jalu.injector.InjectorImpl.get(InjectorImpl.java:155)
	at fr.xephi.authme.libs.jalu.injector.InjectorImpl.getSingleton(InjectorImpl.java:56)
	at fr.xephi.authme.AuthMe.instantiateServices(AuthMe.java:248)
	at fr.xephi.authme.AuthMe.initialize(AuthMe.java:221)
	at fr.xephi.authme.AuthMe.onEnable(AuthMe.java:136)
	at org.bukkit.plugin.java.JavaPlugin.setEnabled(JavaPlugin.java:263)
	at org.bukkit.plugin.java.JavaPluginLoader.enablePlugin(JavaPluginLoader.java:352)
	at org.bukkit.plugin.SimplePluginManager.enablePlugin(SimplePluginManager.java:417)
	at org.bukkit.craftbukkit.v1_14_R1.CraftServer.enablePlugin(CraftServer.java:461)
	at org.bukkit.craftbukkit.v1_14_R1.CraftServer.enablePlugins(CraftServer.java:375)
	at net.minecraft.server.v1_14_R1.MinecraftServer.a(MinecraftServer.java:449)
	at net.minecraft.server.v1_14_R1.DedicatedServer.init(DedicatedServer.java:266)
	at net.minecraft.server.v1_14_R1.MinecraftServer.run(MinecraftServer.java:775)
	at java.lang.Thread.run(Thread.java:748)
Caused by: java.lang.reflect.InvocationTargetException
	at sun.reflect.NativeConstructorAccessorImpl.newInstance0(Native Method)
	at sun.reflect.NativeConstructorAccessorImpl.newInstance(NativeConstructorAccessorImpl.java:62)
	at sun.reflect.DelegatingConstructorAccessorImpl.newInstance(DelegatingConstructorAccessorImpl.java:45)
	at java.lang.reflect.Constructor.newInstance(Constructor.java:423)
	at fr.xephi.authme.libs.jalu.injector.utils.ReflectionUtils.newInstance(ReflectionUtils.java:91)
	... 16 more
Caused by: fr.xephi.authme.libs.jalu.injector.exceptions.InjectorReflectionException: Could not invoke constructor of class 'class fr.xephi.authme.mail.EmailService'
	at fr.xephi.authme.libs.jalu.injector.utils.ReflectionUtils.newInstance(ReflectionUtils.java:94)
	at fr.xephi.authme.libs.jalu.injector.handlers.instantiation.StandardInjection.instantiateWith(StandardInjection.java:62)
	at fr.xephi.authme.libs.jalu.injector.InjectorImpl.instantiate(InjectorImpl.java:181)
	at fr.xephi.authme.libs.jalu.injector.InjectorImpl.get(InjectorImpl.java:155)
	at fr.xephi.authme.libs.jalu.injector.InjectorImpl.resolveDependencies(InjectorImpl.java:208)
	at fr.xephi.authme.libs.jalu.injector.InjectorImpl.instantiate(InjectorImpl.java:177)
	at fr.xephi.authme.libs.jalu.injector.InjectorImpl.get(InjectorImpl.java:155)
	at fr.xephi.authme.libs.jalu.injector.InjectorImpl.resolveDependencies(InjectorImpl.java:208)
	at fr.xephi.authme.libs.jalu.injector.InjectorImpl.instantiate(InjectorImpl.java:177)
	at fr.xephi.authme.libs.jalu.injector.InjectorImpl.get(InjectorImpl.java:155)
	at fr.xephi.authme.libs.jalu.injector.InjectorImpl.resolveDependencies(InjectorImpl.java:208)
	at fr.xephi.authme.libs.jalu.injector.InjectorImpl.instantiate(InjectorImpl.java:177)
	at fr.xephi.authme.libs.jalu.injector.InjectorImpl.get(InjectorImpl.java:155)
	at fr.xephi.authme.libs.jalu.injector.InjectorImpl.resolveDependencies(InjectorImpl.java:208)
	at fr.xephi.authme.libs.jalu.injector.InjectorImpl.instantiate(InjectorImpl.java:177)
	at fr.xephi.authme.libs.jalu.injector.InjectorImpl.newInstance(InjectorImpl.java:82)
	at fr.xephi.authme.initialization.factory.FactoryDependencyHandler$FactoryImpl.newInstance(FactoryDependencyHandler.java:41)
	at fr.xephi.authme.command.CommandHandler.initializeCommands(CommandHandler.java:109)
	at fr.xephi.authme.command.CommandHandler.<init>(CommandHandler.java:49)
	... 21 more
Caused by: java.lang.reflect.InvocationTargetException
	at sun.reflect.NativeConstructorAccessorImpl.newInstance0(Native Method)
	at sun.reflect.NativeConstructorAccessorImpl.newInstance(NativeConstructorAccessorImpl.java:62)
	at sun.reflect.DelegatingConstructorAccessorImpl.newInstance(DelegatingConstructorAccessorImpl.java:45)
	at java.lang.reflect.Constructor.newInstance(Constructor.java:423)
	at fr.xephi.authme.libs.jalu.injector.utils.ReflectionUtils.newInstance(ReflectionUtils.java:91)
	... 39 more
Caused by: java.lang.NoSuchMethodError: org.bukkit.Server.getServerName()Ljava/lang/String;
	at fr.xephi.authme.mail.EmailService.<init>(EmailService.java:33)
	... 44 more

[05-08 14:58:45]: [WARN] THE SERVER IS GOING TO SHUT DOWN AS DEFINED IN THE CONFIGURATION!
[05-08 14:58:45]: [INFO] AuthMe 5.4.0-b1877 disabled!
